{
  "RSpec": {
    "coverage": {
      "/Users/lucas/Dropbox/Coding/Projects/oyster-card-lucas-hugo/spec/oystercard_spec.rb": [
        1,
        null,
        1,
        1,
        10,
        10,
        10,
        null,
        null,
        null,
        1,
        1,
        1,
        null,
        null,
        null,
        1,
        1,
        1,
        null,
        null,
        null,
        1,
        1,
        4,
        null,
        null,
        1,
        2,
        null,
        null,
        null,
        1,
        1,
        1,
        null,
        null,
        null,
        1,
        4,
        null,
        1,
        1,
        1,
        1,
        null,
        null,
        1,
        2,
        null,
        null,
        1,
        1,
        1,
        1,
        null,
        null,
        null,
        1,
        5,
        6,
        null,
        1,
        1,
        1,
        null,
        null,
        1,
        1,
        4,
        null,
        null,
        1,
        4,
        null,
        null,
        1,
        4,
        null,
        null,
        null,
        1,
        1,
        1,
        null,
        null,
        1,
        1,
        1,
        null,
        null,
        null,
        null
      ],
      "/Users/lucas/Dropbox/Coding/Projects/oyster-card-lucas-hugo/lib/oystercard.rb": [
        1,
        1,
        null,
        1,
        1,
        null,
        1,
        13,
        13,
        null,
        null,
        1,
        14,
        13,
        null,
        null,
        1,
        3,
        null,
        null,
        1,
        7,
        6,
        null,
        null,
        1,
        5,
        5,
        5,
        5,
        null,
        null,
        1,
        null,
        1,
        5,
        null,
        null,
        1,
        5,
        null,
        null,
        1,
        5,
        null,
        null
      ]
    },
    "timestamp": 1507127905
  }
}
