{
  "RSpec": {
    "coverage": {
      "/Users/hugosykes/Makers/week2/oyster-card-lucas-hugo/spec/journey_spec.rb": [
        1,
        1,
        10,
        8,
        5,
        1,
        1,
        1,
        null,
        null,
        1,
        1,
        null,
        null,
        null,
        1,
        2,
        2,
        1,
        1,
        null,
        null,
        null,
        1,
        1,
        1,
        null,
        null,
        1,
        1,
        1,
        null,
        null,
        null,
        1,
        2,
        1,
        1,
        null,
        null,
        null,
        null,
        1,
        2,
        1,
        1,
        null,
        1,
        1,
        1,
        1,
        null,
        null,
        3,
        1,
        1,
        null,
        null,
        null,
        null
      ],
      "/Users/hugosykes/Makers/week2/oyster-card-lucas-hugo/lib/Journey.rb": [
        1,
        1,
        null,
        1,
        18,
        18,
        null,
        null,
        1,
        3,
        null,
        null,
        1,
        6,
        null,
        null,
        1,
        7,
        6,
        null,
        null
      ],
      "/Users/hugosykes/Makers/week2/oyster-card-lucas-hugo/spec/oystercard_spec.rb": [
        1,
        null,
        1,
        15,
        15,
        10,
        6,
        null,
        1,
        1,
        1,
        null,
        null,
        null,
        1,
        1,
        1,
        null,
        null,
        null,
        1,
        1,
        4,
        null,
        null,
        1,
        2,
        null,
        null,
        null,
        1,
        1,
        1,
        null,
        null,
        null,
        1,
        1,
        1,
        1,
        null,
        null,
        1,
        2,
        null,
        null,
        1,
        1,
        1,
        null,
        null,
        null,
        1,
        1,
        1,
        5,
        null,
        null,
        1,
        1,
        1,
        null,
        null,
        1,
        4,
        null,
        null,
        1,
        4,
        null,
        null,
        1,
        1,
        1,
        null,
        null,
        1,
        1,
        1,
        null,
        null,
        null,
        null,
        1,
        1,
        1,
        null,
        1,
        1,
        4,
        null,
        null,
        null
      ],
      "/Users/hugosykes/Makers/week2/oyster-card-lucas-hugo/lib/oystercard.rb": [
        1,
        1,
        1,
        null,
        1,
        1,
        1,
        null,
        1,
        17,
        17,
        17,
        null,
        null,
        1,
        17,
        16,
        null,
        null,
        1,
        3,
        null,
        null,
        1,
        10,
        9,
        null,
        null,
        1,
        5,
        5,
        5,
        null,
        null,
        1,
        12,
        null,
        null,
        1,
        1,
        null,
        null,
        1,
        null,
        1,
        6,
        null,
        null,
        1,
        5,
        5,
        null,
        null,
        1,
        10,
        9,
        null,
        null
      ],
      "/Users/hugosykes/Makers/week2/oyster-card-lucas-hugo/spec/station_spec.rb": [
        1,
        null,
        1,
        3,
        1,
        1,
        1,
        null,
        null,
        1,
        1,
        null,
        null,
        null
      ],
      "/Users/hugosykes/Makers/week2/oyster-card-lucas-hugo/lib/station.rb": [
        1,
        1,
        null,
        1,
        2,
        2,
        null,
        null
      ]
    },
    "timestamp": 1507215303
  }
}
